      when new_users total_users
1  2008-01        77          77
2  2008-02      1714        1791
3  2008-03      2316        4107
4  2008-04      4736        8843
5  2008-05      3114       11957
6  2008-06      3420        3420
7  2008-07      3508        6928
8  2008-08      3455       10383
9  2008-09      4274       14657
10 2008-10      5003       19660
11 2008-11      5226       24886
12 2008-12      5958       30844
13 2009-01      7040       37884
14 2009-02      8022       45906
15 2009-03      9928       55834
16 2009-04     10392       66226
17 2009-05     10551       76777
18 2009-06      9826       86603
19 2009-07     10116       96719
20 2009-08     10754      107473
21 2009-09     11693      119166
22 2009-10     13667      132833
23 2009-11     12744      145577
24 2009-12     14453      160030
25 2010-01     18522      178552
26 2010-02     19060      197612
27 2010-03     21567      219179
28 2010-04     26189      245368
29 2010-05     31526      276894
30 2010-06     26286      303180
31 2010-07     16611      319791
32 2010-08     31613      351404
33 2010-09     39799      391203
34 2010-10     38936      430139
35 2010-11     41728      471867
36 2010-12     38050      509917
37 2011-01     49709      559626
38 2011-02     48117      607743
39 2011-03     57377      665120
40 2011-04     56310      721430
41 2011-05     59457      780887
42 2011-06     63963      844850
43 2011-07     62588      907438
44 2011-08     67072      986467
45 2011-09     75090     1061557
46 2011-10     68497     1130054
47 2011-11     64706     1194760
48 2011-12     64148     1258908
49 2012-01     98365     1357273
50 2012-02     89887     1357273
51 2012-03    106487     1447160
52 2012-04     99127     1553647

 [1] 2008-01 2008-02 2008-03 2008-04 2008-05 2008-06 2008-07 2008-08 2008-09 2008-10 2008-11 2008-12 2009-01 2009-02 2009-03 2009-04 2009-05 2009-06 2009-07
[20] 2009-08 2009-09 2009-10 2009-11 2009-12 2010-01 2010-02 2010-03 2010-04 2010-05 2010-06 2010-07 2010-08 2010-09 2010-10 2010-11 2010-12 2011-01 2011-02
[39] 2011-03 2011-04 2011-05 2011-06 2011-07 2011-08 2011-09 2011-10 2011-11 2011-12 2012-01 2012-02 2012-03 2012-04
52 Levels: 2008-01 2008-02 2008-03 2008-04 2008-05 2008-06 2008-07 2008-08 2008-09 2008-10 2008-11 2008-12 2009-01 2009-02 2009-03 2009-04 2009-05 ... 2012-04

Call:
lm(formula = new_users/total_users ~ when, data = g[-1:-18, ])

Coefficients:
(Intercept)  when2009-08  when2009-09  when2009-10  when2009-11  when2009-12  when2010-01  when2010-02  when2010-03  when2010-04  when2010-05  when2010-06  
  0.1045917   -0.0045293   -0.0064680   -0.0017031   -0.0170504   -0.0142773   -0.0008572   -0.0081400   -0.0061926    0.0021419    0.0092642   -0.0178907  
when2010-07  when2010-08  when2010-09  when2010-10  when2010-11  when2010-12  when2011-01  when2011-02  when2011-03  when2011-04  when2011-05  when2011-06  
 -0.0526484   -0.0146297   -0.0028567   -0.0140721   -0.0161600   -0.0299717   -0.0157663   -0.0254184   -0.0183260   -0.0265383   -0.0284513   -0.0288824  
when2011-07  when2011-08  when2011-09  when2011-10  when2011-11  when2011-12  when2012-01  when2012-02  when2012-03  when2012-04  
 -0.0356194   -0.0365995   -0.0338559   -0.0439777   -0.0504335   -0.0536364   -0.0321191   -0.0383655   -0.0310082   -0.0407889  

 [1] "2008-01-15 EST" "2008-02-15 EST" "2008-03-15 EDT" "2008-04-15 EDT" "2008-05-15 EDT" "2008-06-15 EDT" "2008-07-15 EDT" "2008-08-15 EDT" "2008-09-15 EDT"
[10] "2008-10-15 EDT" "2008-11-15 EST" "2008-12-15 EST" "2009-01-15 EST" "2009-02-15 EST" "2009-03-15 EDT" "2009-04-15 EDT" "2009-05-15 EDT" "2009-06-15 EDT"
[19] "2009-07-15 EDT" "2009-08-15 EDT" "2009-09-15 EDT" "2009-10-15 EDT" "2009-11-15 EST" "2009-12-15 EST" "2010-01-15 EST" "2010-02-15 EST" "2010-03-15 EDT"
[28] "2010-04-15 EDT" "2010-05-15 EDT" "2010-06-15 EDT" "2010-07-15 EDT" "2010-08-15 EDT" "2010-09-15 EDT" "2010-10-15 EDT" "2010-11-15 EST" "2010-12-15 EST"
[37] "2011-01-15 EST" "2011-02-15 EST" "2011-03-15 EDT" "2011-04-15 EDT" "2011-05-15 EDT" "2011-06-15 EDT" "2011-07-15 EDT" "2011-08-15 EDT" "2011-09-15 EDT"
[46] "2011-10-15 EDT" "2011-11-15 EST" "2011-12-15 EST" "2012-01-15 EST" "2012-02-15 EST" "2012-03-15 EDT" "2012-04-15 EDT"
 [1] "2008-01-15 EST" "2008-02-15 EST" "2008-03-15 EDT" "2008-04-15 EDT" "2008-05-15 EDT" "2008-06-15 EDT" "2008-07-15 EDT" "2008-08-15 EDT" "2008-09-15 EDT"
[10] "2008-10-15 EDT" "2008-11-15 EST" "2008-12-15 EST" "2009-01-15 EST" "2009-02-15 EST" "2009-03-15 EDT" "2009-04-15 EDT" "2009-05-15 EDT" "2009-06-15 EDT"
[19] "2009-07-15 EDT" "2009-08-15 EDT" "2009-09-15 EDT" "2009-10-15 EDT" "2009-11-15 EST" "2009-12-15 EST" "2010-01-15 EST" "2010-02-15 EST" "2010-03-15 EDT"
[28] "2010-04-15 EDT" "2010-05-15 EDT" "2010-06-15 EDT" "2010-07-15 EDT" "2010-08-15 EDT" "2010-09-15 EDT" "2010-10-15 EDT" "2010-11-15 EST" "2010-12-15 EST"
[37] "2011-01-15 EST" "2011-02-15 EST" "2011-03-15 EDT" "2011-04-15 EDT" "2011-05-15 EDT" "2011-06-15 EDT" "2011-07-15 EDT" "2011-08-15 EDT" "2011-09-15 EDT"
[46] "2011-10-15 EDT" "2011-11-15 EST" "2011-12-15 EST" "2012-01-15 EST" "2012-02-15 EST" "2012-03-15 EDT" "2012-04-15 EDT"
 [1] "2008-01-15 EST" "2008-02-15 EST" "2008-03-15 EDT" "2008-04-15 EDT" "2008-05-15 EDT" "2008-06-15 EDT" "2008-07-15 EDT" "2008-08-15 EDT" "2008-09-15 EDT"
[10] "2008-10-15 EDT" "2008-11-15 EST" "2008-12-15 EST" "2009-01-15 EST" "2009-02-15 EST" "2009-03-15 EDT" "2009-04-15 EDT" "2009-05-15 EDT" "2009-06-15 EDT"
[19] "2009-07-15 EDT" "2009-08-15 EDT" "2009-09-15 EDT" "2009-10-15 EDT" "2009-11-15 EST" "2009-12-15 EST" "2010-01-15 EST" "2010-02-15 EST" "2010-03-15 EDT"
[28] "2010-04-15 EDT" "2010-05-15 EDT" "2010-06-15 EDT" "2010-07-15 EDT" "2010-08-15 EDT" "2010-09-15 EDT" "2010-10-15 EDT" "2010-11-15 EST" "2010-12-15 EST"
[37] "2011-01-15 EST" "2011-02-15 EST" "2011-03-15 EDT" "2011-04-15 EDT" "2011-05-15 EDT" "2011-06-15 EDT" "2011-07-15 EDT" "2011-08-15 EDT" "2011-09-15 EDT"
[46] "2011-10-15 EDT" "2011-11-15 EST" "2011-12-15 EST" "2012-01-15 EST" "2012-02-15 EST" "2012-03-15 EDT" "2012-04-15 EDT"
[1] 52

Call:
lm(formula = new_users/total_users ~ month, data = g[-1:-18, 
    ])

Coefficients:
(Intercept)        month  
  7.336e-01   -5.040e-10  


Call:
lm(formula = new_users/total_users ~ month, data = g[-1:-18, 
    ])

Residuals:
      Min        1Q    Median        3Q       Max 
-0.037002 -0.003939  0.001008  0.005396  0.022255 

Coefficients:
              Estimate Std. Error t value Pr(>|t|)    
(Intercept)  7.336e-01  9.074e-02   8.084 3.12e-09 ***
month       -5.040e-10  7.027e-11  -7.172 3.84e-08 ***
---
Signif. codes:  0 ‘***’ 0.001 ‘**’ 0.01 ‘*’ 0.05 ‘.’ 0.1 ‘ ’ 1 

Residual standard error: 0.01057 on 32 degrees of freedom
Multiple R-squared: 0.6165,	Adjusted R-squared: 0.6045 
F-statistic: 51.43 on 1 and 32 DF,  p-value: 3.839e-08 

  (Intercept)         month 
 7.336049e-01 -5.039687e-10 
 [1] 1200373200 1203051600 1205553600 1208232000 1210824000 1213502400 1216094400 1218772800 1221451200 1224043200 1226725200 1229317200 1231995600 1234674000
[15] 1237089600 1239768000 1242360000 1245038400 1247630400 1250308800 1252987200 1255579200 1258261200 1260853200 1263531600 1266210000 1268625600 1271304000
[29] 1273896000 1276574400 1279166400 1281844800 1284523200 1287115200 1289797200 1292389200 1295067600 1297746000 1300161600 1302840000 1305432000 1308110400
[43] 1310702400 1313380800 1316059200 1318651200 1321333200 1323925200 1326603600 1329282000 1331784000 1334462400
 [1] 2008-01 2008-02 2008-03 2008-04 2008-05 2008-06 2008-07 2008-08 2008-09 2008-10 2008-11 2008-12 2009-01 2009-02 2009-03 2009-04 2009-05 2009-06 2009-07
[20] 2009-08 2009-09 2009-10 2009-11 2009-12 2010-01 2010-02 2010-03 2010-04 2010-05 2010-06 2010-07 2010-08 2010-09 2010-10 2010-11 2010-12 2011-01 2011-02
[39] 2011-03 2011-04 2011-05 2011-06 2011-07 2011-08 2011-09 2011-10 2011-11 2011-12 2012-01 2012-02 2012-03 2012-04
52 Levels: 2008-01 2008-02 2008-03 2008-04 2008-05 2008-06 2008-07 2008-08 2008-09 2008-10 2008-11 2008-12 2009-01 2009-02 2009-03 2009-04 2009-05 ... 2012-04

Call:
lm(formula = new_users/total_users ~ when_int, data = g[-1:-18, 
    ])

Residuals:
      Min        1Q    Median        3Q       Max 
-0.036968 -0.003952  0.000991  0.005392  0.022294 

Coefficients:
              Estimate Std. Error t value Pr(>|t|)    
(Intercept)  0.1299838  0.0068042  19.103  < 2e-16 ***
when_int    -0.0013249  0.0001847  -7.172 3.84e-08 ***
---
Signif. codes:  0 ‘***’ 0.001 ‘**’ 0.01 ‘*’ 0.05 ‘.’ 0.1 ‘ ’ 1 

Residual standard error: 0.01057 on 32 degrees of freedom
Multiple R-squared: 0.6165,	Adjusted R-squared: 0.6045 
F-statistic: 51.43 on 1 and 32 DF,  p-value: 3.841e-08 

X11cairo 
       2 
null device 
          1 
null device 
          1 
null device 
          1 
null device 
          1 
null device 
          1 
null device 
          1 
null device 
          1 
null device 
          1 
null device 
          1 
null device 
          1 

Call:
lm(formula = new_users/total_users ~ when_int, data = g[-1:-18, 
    ])

Residuals:
      Min        1Q    Median        3Q       Max 
-0.036968 -0.003952  0.000991  0.005392  0.022294 

Coefficients:
              Estimate Std. Error t value Pr(>|t|)    
(Intercept)  0.1299838  0.0068042  19.103  < 2e-16 ***
when_int    -0.0013249  0.0001847  -7.172 3.84e-08 ***
---
Signif. codes:  0 ‘***’ 0.001 ‘**’ 0.01 ‘*’ 0.05 ‘.’ 0.1 ‘ ’ 1 

Residual standard error: 0.01057 on 32 degrees of freedom
Multiple R-squared: 0.6165,	Adjusted R-squared: 0.6045 
F-statistic: 51.43 on 1 and 32 DF,  p-value: 3.841e-08 


Call:
lm(formula = new_users/(total_users - new_users) ~ when_int, 
    data = g[-1:-18, ])

Coefficients:
(Intercept)     when_int  
   0.146763    -0.001576  


Call:
lm(formula = new_users/(total_users - new_users) ~ when_int, 
    data = g[-1:-18, ])

Residuals:
      Min        1Q    Median        3Q       Max 
-0.043111 -0.004783  0.000957  0.006122  0.027432 

Coefficients:
              Estimate Std. Error t value Pr(>|t|)    
(Intercept)  0.1467628  0.0080344  18.267  < 2e-16 ***
when_int    -0.0015762  0.0002181  -7.226  3.3e-08 ***
---
Signif. codes:  0 ‘***’ 0.001 ‘**’ 0.01 ‘*’ 0.05 ‘.’ 0.1 ‘ ’ 1 

Residual standard error: 0.01248 on 32 degrees of freedom
Multiple R-squared:  0.62,	Adjusted R-squared: 0.6081 
F-statistic: 52.21 on 1 and 32 DF,  p-value: 3.303e-08 

        19         20         21         22         23         24         25         26         27         28         29         30         31         32 
0.11681471 0.11523849 0.11366228 0.11208606 0.11050985 0.10893363 0.10735741 0.10578120 0.10420498 0.10262877 0.10105255 0.09947634 0.09790012 0.09632391 
        33         34         35         36         37         38         39         40         41         42         43         44         45         46 
0.09474769 0.09317148 0.09159526 0.09001904 0.08844283 0.08686661 0.08529040 0.08371418 0.08213797 0.08056175 0.07898554 0.07740932 0.07583311 0.07425689 
        47         48         49         50         51         52 
0.07268067 0.07110446 0.06952824 0.06795203 0.06637581 0.06479960 
         when new_users total_users      month when_int
19 2009-07-15     10116       96719 2009-07-15       19
20 2009-08-15     10754      107473 2009-08-15       20
21 2009-09-15     11693      119166 2009-09-15       21
         when new_users total_users      month when_int
25 2010-01-15     18522      178552 2010-01-15       25
26 2010-02-15     19060      197612 2010-02-15       26
27 2010-03-15     21567      219179 2010-03-15       27
         when new_users total_users      month when_int
25 2010-01-15     18522      178552 2010-01-15       25
26 2010-02-15     19060      197612 2010-02-15       26
        43         44 
0.07898554 0.07740932 
       25        26 
0.1073574 0.1057812 
         when new_users total_users      month when_int
25 2010-01-15     18522      178552 2010-01-15       25
26 2010-02-15     19060      197612 2010-02-15       26
[1] 2.302585
[1] 12.19406
[1] 1.008387
[1] 0.103639
[1] 0.1237209
[1] 0.1355793
[1] 0.1368883
[1] 1.008387

Call:
lm(formula = new_users/(total_users - new_users) ~ when_int, 
    data = g[-1:-18, ])

Residuals:
      Min        1Q    Median        3Q       Max 
-0.043111 -0.004783  0.000957  0.006122  0.027432 

Coefficients:
              Estimate Std. Error t value Pr(>|t|)    
(Intercept)  0.1467628  0.0080344  18.267  < 2e-16 ***
when_int    -0.0015762  0.0002181  -7.226  3.3e-08 ***
---
Signif. codes:  0 ‘***’ 0.001 ‘**’ 0.01 ‘*’ 0.05 ‘.’ 0.1 ‘ ’ 1 

Residual standard error: 0.01248 on 32 degrees of freedom
Multiple R-squared:  0.62,	Adjusted R-squared: 0.6081 
F-statistic: 52.21 on 1 and 32 DF,  p-value: 3.303e-08 

X11cairo 
       2 
X11cairo 
       2 
X11cairo 
       2 
X11cairo 
       2 
null device 
          1 
 [1]         Inf 22.25974026  1.29313233  1.15315315  0.35214294         Inf  1.02573099  0.49870092  0.41163440  0.34133861  0.26581892  0.23941172  0.22824536
[14]  0.21175166  0.21626803  0.18612315  0.15931809  0.12798104  0.11680889  0.11118808  0.10879942  0.11468875  0.09594001  0.09928079  0.11574080  0.10674761
[27]  0.10913811  0.11948681  0.12848456  0.09493163  0.05478923  0.09885519  0.11325711  0.09952889  0.09701050  0.08063713  0.09748449  0.08598064  0.09440997
[40]  0.08466141  0.08241548  0.08191070  0.07408179  0.07295232  0.07612013  0.06452503  0.05725921  0.05369112  0.07813518  0.07092314  0.07942802  0.06815101
 [1]         Inf 22.25974026  1.29313233  1.15315315  0.35214294         Inf  1.02573099  0.49870092  0.41163440  0.34133861  0.26581892  0.23941172  0.22824536
[14]  0.21175166  0.21626803  0.18612315  0.15931809  0.12798104  0.11680889  0.11118808  0.10879942  0.11468875  0.09594001  0.09928079  0.11574080  0.10674761
[27]  0.10913811  0.11948681  0.12848456  0.09493163  0.05478923  0.09885519  0.11325711  0.09952889  0.09701050  0.08063713  0.09748449  0.08598064  0.09440997
[40]  0.08466141  0.08241548  0.08191070  0.07408179  0.07295232  0.07612013  0.06452503  0.05725921  0.05369112  0.07813518  0.07092314  0.07942802  0.06815101
attr(,"tsp")
[1]  0 51  1
 [1]         Inf 22.25974026  1.29313233  1.15315315  0.35214294         Inf  1.02573099  0.49870092  0.41163440  0.34133861  0.26581892  0.23941172  0.22824536
[14]  0.21175166  0.21626803  0.18612315  0.15931809  0.12798104  0.11680889  0.11118808  0.10879942  0.11468875  0.09594001  0.09928079  0.11574080  0.10674761
[27]  0.10913811  0.11948681  0.12848456  0.09493163  0.05478923  0.09885519  0.11325711  0.09952889  0.09701050  0.08063713  0.09748449  0.08598064  0.09440997
[40]  0.08466141  0.08241548  0.08191070  0.07408179  0.07295232  0.07612013  0.06452503  0.05725921  0.05369112  0.07813518  0.07092314  0.07942802  0.06815101
[1] 52
[1] 51
X11cairo 
       2 

Call:
lm(formula = new_users/(total_users - new_users) ~ when_int, 
    data = g[-1:-18, ])

Residuals:
      Min        1Q    Median        3Q       Max 
-0.043111 -0.004783  0.000957  0.006122  0.027432 

Coefficients:
              Estimate Std. Error t value Pr(>|t|)    
(Intercept)  0.1467628  0.0080344  18.267  < 2e-16 ***
when_int    -0.0015762  0.0002181  -7.226  3.3e-08 ***
---
Signif. codes:  0 ‘***’ 0.001 ‘**’ 0.01 ‘*’ 0.05 ‘.’ 0.1 ‘ ’ 1 

Residual standard error: 0.01248 on 32 degrees of freedom
Multiple R-squared:  0.62,	Adjusted R-squared: 0.6081 
F-statistic: 52.21 on 1 and 32 DF,  p-value: 3.303e-08 


Call:
lm(formula = interest_rate ~ when_int, data = g[-1:-18, ])

Coefficients:
(Intercept)     when_int  
   0.146763    -0.001576  


Call:
lm(formula = interest_rate ~ when_int, data = g[-1:-18, ])

Coefficients:
(Intercept)     when_int  
   0.146763    -0.001576  


Call:
lm(formula = d1_interest_rate ~ when_int, data = g[-1:-18, ])

Coefficients:
(Intercept)     when_int  
 -4.112e-03    6.628e-05  


Call:
lm(formula = d1_interest_rate ~ when_int, data = g[-1:-18, ])

Residuals:
      Min        1Q    Median        3Q       Max 
-0.038084 -0.008311 -0.000788  0.009064  0.046058 

Coefficients:
              Estimate Std. Error t value Pr(>|t|)
(Intercept) -4.112e-03  1.021e-02  -0.403    0.690
when_int     6.628e-05  2.771e-04   0.239    0.813

Residual standard error: 0.01585 on 32 degrees of freedom
Multiple R-squared: 0.001784,	Adjusted R-squared: -0.02941 
F-statistic: 0.05718 on 1 and 32 DF,  p-value: 0.8125 


Call:
lm(formula = d1_interest_rate ~ when_int, data = g[-1:-18, ])

Residuals:
      Min        1Q    Median        3Q       Max 
-0.038084 -0.008311 -0.000788  0.009064  0.046058 

Coefficients:
              Estimate Std. Error t value Pr(>|t|)
(Intercept) -4.112e-03  1.021e-02  -0.403    0.690
when_int     6.628e-05  2.771e-04   0.239    0.813

Residual standard error: 0.01585 on 32 degrees of freedom
Multiple R-squared: 0.001784,	Adjusted R-squared: -0.02941 
F-statistic: 0.05718 on 1 and 32 DF,  p-value: 0.8125 


Call: rlm(formula = d1_interest_rate ~ when_int, data = g[-1:-18, ])
Residuals:
       Min         1Q     Median         3Q        Max 
-0.0382454 -0.0088060 -0.0006026  0.0095341  0.0459462 

Coefficients:
            Value   Std. Error t value
(Intercept) -0.0024  0.0084    -0.2867
when_int     0.0000  0.0002     0.0733

Residual standard error: 0.01393 on 32 degrees of freedom
           19            20            21            22            23            24            25            26            27            28            29 
-0.0090738813 -0.0035393098 -0.0003239382  0.0079372851 -0.0167175601  0.0053551842  0.0184576393 -0.0070123232  0.0043545838  0.0122960196  0.0109282939 
           30            31            32            33            34            35            36            37            38            39            40 
-0.0316391558 -0.0382454012  0.0459461825  0.0162653704 -0.0118815347 -0.0006884783 -0.0145602354  0.0186437286 -0.0097242632  0.0101921555 -0.0080025107 
           41            42            43            44            45            46            47            48            49            50            51 
-0.0005166591  0.0012077213 -0.0061331791  0.0005494901  0.0048299973 -0.0099496882 -0.0056371814 -0.0019562246  0.0260391553 -0.0056337100  0.0100664253 
           52 
-0.0097322350 
X11cairo 
       2 
null device 
          1 
null device 
          1 

Call:
lm(formula = d1_interest_rate ~ when_int, data = subset(g[-1:-18, 
    ], abs(d1_interest_rate) < 0.02))

Coefficients:
(Intercept)     when_int  
   0.001978    -0.000107  


Call:
lm(formula = d1_interest_rate ~ when_int, data = subset(g[-1:-18, 
    ], abs(d1_interest_rate) < 0.02))

Residuals:
       Min         1Q     Median         3Q        Max 
-0.0182652 -0.0076284 -0.0005795  0.0062009  0.0188294 

Coefficients:
              Estimate Std. Error t value Pr(>|t|)
(Intercept)  0.0019784  0.0066485   0.298    0.768
when_int    -0.0001070  0.0001802  -0.594    0.557

Residual standard error: 0.009915 on 28 degrees of freedom
Multiple R-squared: 0.01244,	Adjusted R-squared: -0.02283 
F-statistic: 0.3528 on 1 and 28 DF,  p-value: 0.5573 


Call:
lm(formula = foo ~ bar)

Coefficients:
(Intercept)          bar  
    -0.7379       1.1476  


Call:
lm(formula = foo ~ bar)

Residuals:
    Min      1Q  Median      3Q     Max 
-1.4763 -0.5711 -0.3942  0.7131  1.6512 

Coefficients:
            Estimate Std. Error t value Pr(>|t|)    
(Intercept)  -0.7379     0.7641  -0.966    0.362    
bar           1.1476     0.1231   9.319 1.43e-05 ***
---
Signif. codes:  0 ‘***’ 0.001 ‘**’ 0.01 ‘*’ 0.05 ‘.’ 0.1 ‘ ’ 1 

Residual standard error: 1.119 on 8 degrees of freedom
Multiple R-squared: 0.9157,	Adjusted R-squared: 0.9051 
F-statistic: 86.85 on 1 and 8 DF,  p-value: 1.433e-05 


Call:
lm(formula = foo ~ bar)

Residuals:
    Min      1Q  Median      3Q     Max 
-93.851 -29.098  -2.451  30.521  95.702 

Coefficients:
            Estimate Std. Error t value Pr(>|t|)
(Intercept)  -60.062     43.531   -1.38    0.205
bar            5.192      7.016    0.74    0.480

Residual standard error: 63.72 on 8 degrees of freedom
Multiple R-squared: 0.06406,	Adjusted R-squared: -0.05293 
F-statistic: 0.5476 on 1 and 8 DF,  p-value: 0.4805 


Call:
lm(formula = foo ~ bar)

Residuals:
    Min      1Q  Median      3Q     Max 
-7.5782 -3.5873  0.4424  3.9570  5.4165 

Coefficients:
            Estimate Std. Error t value Pr(>|t|)
(Intercept)   4.4857     3.2894   1.364    0.210
bar           0.3724     0.5301   0.702    0.502

Residual standard error: 4.815 on 8 degrees of freedom
Multiple R-squared: 0.0581,	Adjusted R-squared: -0.05964 
F-statistic: 0.4934 on 1 and 8 DF,  p-value: 0.5023 


Call:
lm(formula = interest_rate ~ when_int, data = g[-1:-18, ])

Coefficients:
(Intercept)     when_int  
   0.146763    -0.001576  


Call:
lm(formula = interest_rate ~ when_int, data = g[-1:-18, ])

Residuals:
      Min        1Q    Median        3Q       Max 
-0.043111 -0.004783  0.000957  0.006122  0.027432 

Coefficients:
              Estimate Std. Error t value Pr(>|t|)    
(Intercept)  0.1467628  0.0080344  18.267  < 2e-16 ***
when_int    -0.0015762  0.0002181  -7.226  3.3e-08 ***
---
Signif. codes:  0 ‘***’ 0.001 ‘**’ 0.01 ‘*’ 0.05 ‘.’ 0.1 ‘ ’ 1 

Residual standard error: 0.01248 on 32 degrees of freedom
Multiple R-squared:  0.62,	Adjusted R-squared: 0.6081 
F-statistic: 52.21 on 1 and 32 DF,  p-value: 3.303e-08 

         when new_users total_users      month when_int interest_rate d1_interest_rate
12 2008-12-15      5958       30844 2008-12-15       12    0.23941172     -0.026407204
13 2009-01-15      7040       37884 2009-01-15       13    0.22824536     -0.011166354
14 2009-02-15      8022       45906 2009-02-15       14    0.21175166     -0.016493701
15 2009-03-15      9928       55834 2009-03-15       15    0.21626803      0.004516363
16 2009-04-15     10392       66226 2009-04-15       16    0.18612315     -0.030144875
17 2009-05-15     10551       76777 2009-05-15       17    0.15931809     -0.026805058
18 2009-06-15      9826       86603 2009-06-15       18    0.12798104     -0.031337057
19 2009-07-15     10116       96719 2009-07-15       19    0.11680889     -0.011172149
20 2009-08-15     10754      107473 2009-08-15       20    0.11118808     -0.005620806
21 2009-09-15     11693      119166 2009-09-15       21    0.10879942     -0.002388662
22 2009-10-15     13667      132833 2009-10-15       22    0.11468875      0.005889334
23 2009-11-15     12744      145577 2009-11-15       23    0.09594001     -0.018748739
24 2009-12-15     14453      160030 2009-12-15       24    0.09928079      0.003340778
        when new_users total_users      month when_int interest_rate d1_interest_rate
1 2008-01-15        77          77 2008-01-15        1           Inf              Inf
